[05Aug2025 00:02:53.715] [Server thread/INFO] [net.minecraft.server.MinecraftServer/]: PATITOELdios was assassinated by uridk
[05Aug2025 00:04:16.419] [Server thread/INFO] [net.minecraft.server.network.ServerGamePacketListenerImpl/]: uridk lost connection: Disconnected
[05Aug2025 00:04:16.420] [Server thread/INFO] [net.minecraft.server.MinecraftServer/]: uridk left the game
[05Aug2025 00:04:16.424] [Server thread/INFO] [voicechat/]: [voicechat] Disconnecting client uridk
[05Aug2025 00:04:23.264] [Server thread/INFO] [net.minecraft.server.network.ServerGamePacketListenerImpl/]: el_lolo lost connection: Disconnected
[05Aug2025 00:04:23.265] [Server thread/INFO] [net.minecraft.server.MinecraftServer/]: el_lolo left the game
[05Aug2025 00:04:23.265] [Server thread/INFO] [voicechat/]: [voicechat] Disconnecting client el_lolo
[05Aug2025 00:04:35.731] [Server thread/INFO] [net.minecraft.server.players.PlayerList/]: uridk[/172.27.167.115:63043] logged in with entity id 13237 at (506.6154936876065, 131.0, 883.2974350844518)
[05Aug2025 00:04:35.763] [Server thread/INFO] [ModernFix/]: Using enhanced recipe sync for player uridk
[05Aug2025 00:04:35.766] [Server thread/INFO] [net.minecraft.server.MinecraftServer/]: uridk joined the game
[05Aug2025 00:04:35.824] [Server thread/INFO] [Jade/]: Syncing config to uridk (9c274d19-9095-308a-a3d6-2f320b7f2326)
[05Aug2025 00:04:36.304] [Server thread/INFO] [net.minecraft.server.players.PlayerList/]: el_lolo[/172.27.94.119:46855] logged in with entity id 13369 at (389.365488744216, 120.0, 820.4828827752168)
[05Aug2025 00:04:36.347] [Server thread/INFO] [ModernFix/]: Using enhanced recipe sync for player el_lolo
[05Aug2025 00:04:36.358] [Server thread/INFO] [net.minecraft.server.MinecraftServer/]: el_lolo joined the game
[05Aug2025 00:04:36.438] [Server thread/INFO] [Jade/]: Syncing config to el_lolo (9f78b2f1-2e89-3937-a21b-34c4ec7fa8e9)
[05Aug2025 00:04:36.496] [Server thread/INFO] [voicechat/]: [voicechat] Received secret request of uridk (18)
[05Aug2025 00:04:36.497] [Server thread/INFO] [voicechat/]: [voicechat] Sent secret to uridk
[05Aug2025 00:04:36.676] [Server thread/INFO] [voicechat/]: [voicechat] Received secret request of el_lolo (18)
[05Aug2025 00:04:36.678] [Server thread/INFO] [voicechat/]: [voicechat] Sent secret to el_lolo
[05Aug2025 00:04:38.338] [VoiceChatPacketProcessingThread/INFO] [voicechat/]: [voicechat] Successfully authenticated player 9f78b2f1-2e89-3937-a21b-34c4ec7fa8e9
[05Aug2025 00:04:38.603] [VoiceChatPacketProcessingThread/INFO] [voicechat/]: [voicechat] Successfully authenticated player 9c274d19-9095-308a-a3d6-2f320b7f2326
[05Aug2025 00:04:39.342] [VoiceChatPacketProcessingThread/INFO] [voicechat/]: [voicechat] Successfully validated connection of player 9f78b2f1-2e89-3937-a21b-34c4ec7fa8e9
[05Aug2025 00:04:39.342] [VoiceChatPacketProcessingThread/INFO] [voicechat/]: [voicechat] Player el_lolo (9f78b2f1-2e89-3937-a21b-34c4ec7fa8e9) successfully connected to voice chat
[05Aug2025 00:04:39.604] [VoiceChatPacketProcessingThread/INFO] [voicechat/]: [voicechat] Successfully validated connection of player 9c274d19-9095-308a-a3d6-2f320b7f2326
[05Aug2025 00:04:39.605] [VoiceChatPacketProcessingThread/INFO] [voicechat/]: [voicechat] Player uridk (9c274d19-9095-308a-a3d6-2f320b7f2326) successfully connected to voice chat
[05Aug2025 00:06:35.667] [Server thread/INFO] [net.minecraft.server.players.PlayerList/]: Leonardodpxd[/172.27.77.103:50363] logged in with entity id 14243 at (4.5, 113.0, 5.5)
[05Aug2025 00:06:35.689] [Server thread/INFO] [ModernFix/]: Using enhanced recipe sync for player Leonardodpxd
[05Aug2025 00:06:35.691] [Server thread/INFO] [net.minecraft.server.MinecraftServer/]: Leonardodpxd joined the game
[05Aug2025 00:06:35.758] [Server thread/INFO] [Jade/]: Syncing config to Leonardodpxd (84b009f0-4628-3d1b-bd44-a7d89aae487b)
[05Aug2025 00:06:38.826] [Server thread/INFO] [voicechat/]: [voicechat] Received secret request of Leonardodpxd (18)
[05Aug2025 00:06:38.827] [Server thread/INFO] [voicechat/]: [voicechat] Sent secret to Leonardodpxd
[05Aug2025 00:06:45.227] [VoiceChatPacketProcessingThread/INFO] [voicechat/]: [voicechat] Successfully authenticated player 84b009f0-4628-3d1b-bd44-a7d89aae487b
[05Aug2025 00:06:45.677] [Server thread/INFO] [net.minecraft.server.MinecraftServer/]: [el_lolo: Teleported Leonardodpxd to el_lolo]
[05Aug2025 00:06:46.254] [VoiceChatPacketProcessingThread/INFO] [voicechat/]: [voicechat] Successfully validated connection of player 84b009f0-4628-3d1b-bd44-a7d89aae487b
[05Aug2025 00:06:46.255] [VoiceChatPacketProcessingThread/INFO] [voicechat/]: [voicechat] Player Leonardodpxd (84b009f0-4628-3d1b-bd44-a7d89aae487b) successfully connected to voice chat
[05Aug2025 00:07:25.011] [Server thread/INFO] [net.minecraft.server.MinecraftServer/]: Leonardodpxd has made the advancement [Merasmus the Wizard!]
[05Aug2025 00:07:25.011] [Server thread/INFO] [net.minecraft.server.MinecraftServer/]: Leonardodpxd has made the advancement [Meet the team]
[05Aug2025 00:07:27.109] [Server thread/INFO] [net.minecraft.server.MinecraftServer/]: PATITOELdios has made the advancement [The whole kitchen]
[05Aug2025 00:07:38.225] [Server thread/INFO] [net.minecraft.server.MinecraftServer/]: [el_lolo: Teleported Leonardodpxd to el_lolo]
[05Aug2025 00:07:57.216] [Server thread/INFO] [net.minecraft.server.MinecraftServer/]: uridk hit the ground too hard whilst trying to escape Infected Pillager
[05Aug2025 00:08:09.409] [Server thread/INFO] [net.minecraft.server.MinecraftServer/]: PATITOELdios has made the advancement [Atlantis must be real]
[05Aug2025 00:08:12.812] [Server thread/INFO] [net.minecraft.server.MinecraftServer/]: [el_lolo: Teleported PATITOELdios to el_lolo]
[05Aug2025 00:08:31.211] [Server thread/INFO] [net.minecraft.server.MinecraftServer/]: Leonardodpxd has made the advancement [So we don't have a deal ?]
[05Aug2025 00:08:33.407] [Server thread/INFO] [net.minecraft.server.MinecraftServer/]: Leonardodpxd was eaten alive by Infected Villager
[05Aug2025 00:08:38.816] [Server thread/INFO] [net.minecraft.world.entity.LivingEntity/]: Named entity InfectedPlayer['Leonardodpxd'/15505, l='ServerLevel[world]', x=392.14, y=93.00, z=826.51] died: Leonardodpxd was assassinated by PATITOELdios
[05Aug2025 00:08:55.767] [Server thread/INFO] [net.minecraft.server.MinecraftServer/]: [el_lolo: Teleported Leonardodpxd to el_lolo]
[05Aug2025 00:09:46.900] [Server thread/INFO] [net.minecraft.server.MinecraftServer/]: uridk was fungi-fied by Inquisitor
[05Aug2025 00:10:03.425] [Server thread/INFO] [net.minecraft.server.MinecraftServer/]: [Not Secure] <Leonardodpxd> benet como se cogen las cosas
[05Aug2025 00:10:15.060] [Server thread/INFO] [net.minecraft.server.MinecraftServer/]: el_lolo has made the advancement [Captain Hook]
[05Aug2025 00:10:15.862] [Server thread/INFO] [net.minecraft.server.MinecraftServer/]: PATITOELdios has made the advancement [Meet the Sniper]
[05Aug2025 00:10:34.017] [Server thread/INFO] [net.minecraft.server.MinecraftServer/]: PATITOELdios has made the advancement [Bro let me go]
[05Aug2025 00:10:34.709] [Server thread/INFO] [net.minecraft.server.MinecraftServer/]: el_lolo has made the advancement [Bro let me go]
[05Aug2025 00:10:50.552] [Server thread/INFO] [net.minecraft.server.MinecraftServer/]: uridk forgot Wendigo was a bioweapon
[05Aug2025 00:10:50.555] [Server thread/INFO] [net.minecraft.server.MinecraftServer/]: uridk has made the advancement [Go back to Canada!]
[05Aug2025 00:11:21.075] [Server thread/INFO] [net.minecraft.server.MinecraftServer/]: uridk was doomed to fall
[05Aug2025 00:11:25.212] [Server thread/INFO] [net.minecraft.server.MinecraftServer/]: el_lolo was doomed to fall
[05Aug2025 00:11:30.509] [Server thread/INFO] [net.minecraft.server.MinecraftServer/]: Leonardodpxd has made the advancement [A broken reflection]
[05Aug2025 00:11:34.063] [Server thread/INFO] [net.minecraft.server.MinecraftServer/]: Leonardodpxd was shot by Delusioner
[05Aug2025 00:11:40.937] [Server thread/INFO] [net.minecraft.server.MinecraftServer/]: uridk was doomed to fall by Delusioner
[05Aug2025 00:12:23.422] [Server thread/WARN] [net.minecraft.server.level.ServerPlayerGameMode/]: Mismatch in destroy block pos: BlockPos{x=0, y=0, z=0} BlockPos{x=13, y=113, z=-9}
[05Aug2025 00:12:27.326] [Server thread/INFO] [net.minecraft.server.MinecraftServer/]: [el_lolo: Teleported uridk to el_lolo]
[05Aug2025 00:12:31.839] [Server thread/INFO] [net.minecraft.server.MinecraftServer/]: [el_lolo: Teleported Leonardodpxd to el_lolo]
[05Aug2025 00:13:06.709] [Server thread/INFO] [net.minecraft.server.MinecraftServer/]: Leonardodpxd fell from a high place
[05Aug2025 00:13:43.799] [Server thread/INFO] [net.minecraft.server.MinecraftServer/]: uridk was eaten alive by Inquisitor
[05Aug2025 00:13:55.050] [Server thread/INFO] [net.minecraft.server.MinecraftServer/]: PATITOELdios forgot Inquisitor was a bioweapon
[05Aug2025 00:15:06.623] [Server thread/INFO] [net.minecraft.server.MinecraftServer/]: [el_lolo: Teleported uridk to el_lolo]
[05Aug2025 00:15:16.167] [Server thread/INFO] [net.minecraft.server.MinecraftServer/]: [el_lolo: Teleported PATITOELdios to el_lolo]
[05Aug2025 00:15:52.138] [Server thread/INFO] [net.minecraft.server.MinecraftServer/]: [el_lolo: Teleported Leonardodpxd to el_lolo]
[05Aug2025 00:15:59.918] [Server thread/INFO] [net.minecraft.world.entity.LivingEntity/]: Named entity InfectedPlayer['uridk'/17871, l='ServerLevel[world]', x=507.65, y=71.00, z=791.32] died: uridk was shot by Skeleton
[05Aug2025 00:17:13.158] [Server thread/INFO] [net.minecraft.server.MinecraftServer/]: Leonardodpxd has made the advancement [Monster Hunter]
[05Aug2025 00:17:22.656] [Server thread/INFO] [net.minecraft.server.MinecraftServer/]: uridk has made the advancement [Atlantis must be real]
[05Aug2025 00:17:26.806] [Server thread/INFO] [net.minecraft.server.MinecraftServer/]: uridk was fungi-fied by Infected Drowned
[05Aug2025 00:17:29.606] [Server thread/INFO] [net.minecraft.server.MinecraftServer/]: el_lolo has made the advancement [Atlantis must be real]
[05Aug2025 00:17:35.114] [Server thread/INFO] [net.minecraft.world.entity.LivingEntity/]: Named entity InfectedPlayer['Flash62724 '/21657, l='ServerLevel[world]', x=377.43, y=62.91, z=658.13] died: Flash62724  was slain by PATITOELdios
[05Aug2025 00:17:39.318] [Server thread/INFO] [net.minecraft.server.MinecraftServer/]: el_lolo forgot Infected Drowned was a bioweapon
[05Aug2025 00:17:41.220] [Server thread/INFO] [net.minecraft.server.MinecraftServer/]: Leonardodpxd has made the advancement [Atlantis must be real]
[05Aug2025 00:17:44.209] [Server thread/INFO] [net.minecraft.server.MinecraftServer/]: Leonardodpxd was eaten alive by Infected Drowned
[05Aug2025 00:17:44.822] [Server thread/INFO] [net.minecraft.world.entity.LivingEntity/]: Named entity InfectedPlayer['uridk'/23198, l='ServerLevel[world]', x=356.96, y=62.56, z=647.11] died: uridk was gunned down by PATITOELdios
[05Aug2025 00:17:50.168] [Server thread/INFO] [net.minecraft.server.MinecraftServer/]: [el_lolo: Teleported el_lolo to PATITOELdios]
[05Aug2025 00:17:58.937] [Server thread/INFO] [net.minecraft.server.MinecraftServer/]: [el_lolo: Teleported uridk to el_lolo]
[05Aug2025 00:18:16.267] [Server thread/INFO] [net.minecraft.world.entity.LivingEntity/]: Named entity InfectedPlayer['Leonardodpxd'/23725, l='ServerLevel[world]', x=353.44, y=62.54, z=647.30] died: Leonardodpxd was slain by PATITOELdios
[05Aug2025 00:18:20.876] [Server thread/INFO] [net.minecraft.world.entity.LivingEntity/]: Named entity InfectedPlayer['el_lolo'/23567, l='ServerLevel[world]', x=351.16, y=62.84, z=643.37] died: el_lolo was slain by PATITOELdios
[05Aug2025 00:18:57.067] [Server thread/INFO] [net.minecraft.server.MinecraftServer/]: [el_lolo: Teleported el_lolo to PATITOELdios]
[05Aug2025 00:19:46.861] [Server thread/INFO] [net.minecraft.world.entity.LivingEntity/]: Named entity InfectedPlayer['Hypnotizd'/25463, l='ServerLevel[world]', x=-15.47, y=5.65, z=49.30] died: Hypnotizd was slain by Enderman
[05Aug2025 00:20:18.516] [Server thread/INFO] [net.minecraft.server.MinecraftServer/]: [el_lolo: Teleported Leonardodpxd to el_lolo]
[05Aug2025 00:20:27.158] [Server thread/INFO] [net.minecraft.server.MinecraftServer/]: Leonardodpxd has made the advancement [Pillage you say ?]
[05Aug2025 00:20:30.328] [Server thread/INFO] [net.minecraft.server.MinecraftServer/]: PATITOELdios has made the advancement [Pillage you say ?]
[05Aug2025 00:20:35.879] [Server thread/INFO] [net.minecraft.server.MinecraftServer/]: PATITOELdios has made the advancement [Go back to Canada!]
[05Aug2025 00:20:38.008] [Server thread/INFO] [net.minecraft.server.MinecraftServer/]: el_lolo has made the advancement [Go back to Canada!]
[05Aug2025 00:21:07.164] [Server thread/INFO] [net.minecraft.server.MinecraftServer/]: Leonardodpxd has made the advancement [Brainzzz]
[05Aug2025 00:21:07.349] [Server thread/INFO] [net.minecraft.server.MinecraftServer/]: PATITOELdios has made the advancement [Floating eyes ?]
[05Aug2025 00:23:39.655] [Server thread/INFO] [net.minecraft.server.MinecraftServer/]: el_lolo was eaten alive by Phayres
[05Aug2025 00:23:44.904] [Server thread/INFO] [net.minecraft.server.MinecraftServer/]: uridk was eaten alive by Phayres
[05Aug2025 00:23:44.918] [Server thread/INFO] [net.minecraft.server.MinecraftServer/]: Leonardodpxd has made the advancement [How is it fair if they can fly ?!]
[05Aug2025 00:23:47.262] [Server thread/INFO] [net.minecraft.server.MinecraftServer/]: [el_lolo: Teleported el_lolo to PATITOELdios]
[05Aug2025 00:23:47.556] [Server thread/INFO] [net.minecraft.server.MinecraftServer/]: Leonardodpxd was eaten alive by Phayres
[05Aug2025 00:23:54.848] [Server thread/INFO] [net.minecraft.world.entity.LivingEntity/]: Named entity InfectedPlayer['uridk'/27881, l='ServerLevel[world]', x=365.70, y=63.00, z=657.70] died: uridk was gunned down by PATITOELdios
[05Aug2025 00:23:56.177] [Server thread/INFO] [net.minecraft.world.entity.LivingEntity/]: Named entity InfectedPlayer['el_lolo'/27625, l='ServerLevel[world]', x=367.30, y=63.02, z=656.13] died: el_lolo was gunned down by PATITOELdios
[05Aug2025 00:24:00.015] [Server thread/INFO] [net.minecraft.server.MinecraftServer/]: Leonardodpxd has made the advancement [Meet the Spy]
[05Aug2025 00:24:01.459] [Server thread/INFO] [net.minecraft.server.MinecraftServer/]: el_lolo was eaten alive by Phayres
[05Aug2025 00:24:04.217] [Server thread/INFO] [net.minecraft.server.MinecraftServer/]: Leonardodpxd was eaten alive by Phayres
[05Aug2025 00:24:07.636] [Server thread/INFO] [net.minecraft.server.MinecraftServer/]: [el_lolo: Teleported el_lolo to PATITOELdios]
[05Aug2025 00:24:14.376] [Server thread/INFO] [net.minecraft.server.MinecraftServer/]: PATITOELdios was eaten alive by el_lolo
[05Aug2025 00:24:14.830] [Server thread/WARN] [net.minecraft.server.level.ServerPlayerGameMode/]: Mismatch in destroy block pos: BlockPos{x=0, y=0, z=0} BlockPos{x=-13, y=102, z=-5}
[05Aug2025 00:24:14.831] [Server thread/WARN] [net.minecraft.server.level.ServerPlayerGameMode/]: Mismatch in destroy block pos: BlockPos{x=0, y=0, z=0} BlockPos{x=-11, y=103, z=-3}
[05Aug2025 00:24:22.168] [Server thread/INFO] [net.minecraft.server.MinecraftServer/]: uridk has made the advancement [Meet the sweaty sniper]
[05Aug2025 00:24:22.170] [Server thread/INFO] [net.minecraft.server.MinecraftServer/]: [Not Secure] <Leonardodpxd> tp
[05Aug2025 00:24:23.356] [Server thread/INFO] [net.minecraft.server.MinecraftServer/]: el_lolo was fungi-fied by Phayres
[05Aug2025 00:24:23.478] [Server thread/INFO] [net.minecraft.server.MinecraftServer/]: [el_lolo: Teleported uridk to el_lolo]
[05Aug2025 00:24:26.371] [Server thread/INFO] [net.minecraft.server.MinecraftServer/]: PATITOELdios fell from a high place
[05Aug2025 00:24:26.576] [Server thread/INFO] [net.minecraft.server.MinecraftServer/]: el_lolo has made the advancement [Meet the sweaty sniper]
[05Aug2025 00:24:32.706] [Server thread/INFO] [net.minecraft.server.MinecraftServer/]: uridk was eaten alive by Phayres
[05Aug2025 00:24:32.927] [Server thread/INFO] [net.minecraft.server.MinecraftServer/]: el_lolo was doomed to fall by Usurper
[05Aug2025 00:24:36.215] [Server thread/INFO] [net.minecraft.server.MinecraftServer/]: PATITOELdios was doomed to fall
[05Aug2025 00:24:42.470] [Server thread/INFO] [net.minecraft.server.MinecraftServer/]: el_lolo fell from a high place
[05Aug2025 00:24:45.026] [Server thread/INFO] [net.minecraft.server.MinecraftServer/]: uridk was doomed to fall
[05Aug2025 00:24:51.576] [Server thread/INFO] [net.minecraft.server.MinecraftServer/]: uridk was doomed to fall
[05Aug2025 00:24:52.777] [Server thread/INFO] [net.minecraft.server.MinecraftServer/]: PATITOELdios has succumbed to the infection
[05Aug2025 00:24:55.968] [Server thread/INFO] [net.minecraft.server.MinecraftServer/]: el_lolo was doomed to fall
[05Aug2025 00:24:58.542] [Server thread/INFO] [net.minecraft.server.MinecraftServer/]: uridk was doomed to fall
[05Aug2025 00:25:03.618] [Server thread/INFO] [net.minecraft.server.MinecraftServer/]: el_lolo was doomed to fall
[05Aug2025 00:25:11.781] [Server thread/INFO] [net.minecraft.server.MinecraftServer/]: el_lolo was doomed to fall by Usurper
[05Aug2025 00:25:15.041] [Server thread/INFO] [net.minecraft.server.MinecraftServer/]: [el_lolo: Teleported el_lolo to PATITOELdios]
[05Aug2025 00:25:15.561] [Server thread/INFO] [net.minecraft.world.entity.LivingEntity/]: Named entity InfectedPlayer['PATITOELdios'/30268, l='ServerLevel[world]', x=423.45, y=76.00, z=854.10] died: PATITOELdios was doomed to fall by uridk
[05Aug2025 00:25:21.410] [Server thread/INFO] [net.minecraft.world.entity.LivingEntity/]: Named entity InfectedPlayer['PATITOELdios'/29728, l='ServerLevel[world]', x=371.19, y=74.52, z=818.75] died: PATITOELdios was slain by Enderman
[05Aug2025 00:25:22.930] [Server thread/INFO] [net.minecraft.server.MinecraftServer/]: [el_lolo: Teleported el_lolo to uridk]
[05Aug2025 00:25:39.578] [Server thread/INFO] [net.minecraft.server.MinecraftServer/]: [el_lolo: Teleported Leonardodpxd to el_lolo]
[05Aug2025 00:26:25.426] [Server thread/INFO] [net.minecraft.server.MinecraftServer/]: [el_lolo: Teleported PATITOELdios to el_lolo]
[05Aug2025 00:27:19.738] [Server thread/INFO] [net.minecraft.server.MinecraftServer/]: [el_lolo: Teleported el_lolo to 497.000000, 64.000000, 739.000000]
[05Aug2025 00:27:23.474] [Server thread/INFO] [net.minecraft.server.MinecraftServer/]: PATITOELdios has succumbed to the infection
[05Aug2025 00:27:25.518] [Server thread/INFO] [net.minecraft.server.MinecraftServer/]: [el_lolo: Teleported PATITOELdios to el_lolo]
[05Aug2025 00:27:30.933] [Server thread/INFO] [net.minecraft.server.MinecraftServer/]: [el_lolo: Teleported Leonardodpxd to el_lolo]
[05Aug2025 00:36:12.616] [Server thread/INFO] [net.minecraft.server.MinecraftServer/]: [el_lolo: Teleported Leonardodpxd to el_lolo]
[05Aug2025 00:37:23.560] [Server thread/INFO] [net.minecraft.server.MinecraftServer/]: Leonardodpxd has made the advancement [Stone Age]
[05Aug2025 00:40:18.880] [Server thread/INFO] [net.minecraft.server.MinecraftServer/]: [el_lolo: Set own game mode to Creative Mode]
[05Aug2025 00:41:06.105] [Server thread/INFO] [net.minecraft.server.network.ServerGamePacketListenerImpl/]: el_lolo lost connection: Disconnected
[05Aug2025 00:41:06.105] [Server thread/INFO] [net.minecraft.server.MinecraftServer/]: el_lolo left the game
[05Aug2025 00:41:06.106] [Server thread/INFO] [voicechat/]: [voicechat] Disconnecting client el_lolo
[05Aug2025 00:42:07.457] [Server thread/INFO] [net.minecraft.server.network.ServerGamePacketListenerImpl/]: PATITOELdios lost connection: Disconnected
[05Aug2025 00:42:07.458] [Server thread/INFO] [net.minecraft.server.MinecraftServer/]: PATITOELdios left the game
[05Aug2025 00:42:07.458] [Server thread/INFO] [voicechat/]: [voicechat] Disconnecting client PATITOELdios
[05Aug2025 00:42:23.207] [Server thread/INFO] [net.minecraft.server.network.ServerGamePacketListenerImpl/]: Leonardodpxd lost connection: Disconnected
[05Aug2025 00:42:23.208] [Server thread/INFO] [net.minecraft.server.MinecraftServer/]: Leonardodpxd left the game
[05Aug2025 00:42:23.209] [Server thread/INFO] [voicechat/]: [voicechat] Disconnecting client Leonardodpxd
[05Aug2025 00:45:35.666] [Server thread/INFO] [net.minecraft.server.players.PlayerList/]: el_lolo[/172.27.94.119:49196] logged in with entity id 40143 at (365.69999998807907, 53.0, 656.7335133336121)
[05Aug2025 00:45:35.687] [Server thread/INFO] [ModernFix/]: Using enhanced recipe sync for player el_lolo
[05Aug2025 00:45:35.696] [Server thread/INFO] [net.minecraft.server.MinecraftServer/]: el_lolo joined the game
[05Aug2025 00:45:35.767] [Server thread/INFO] [Jade/]: Syncing config to el_lolo (9f78b2f1-2e89-3937-a21b-34c4ec7fa8e9)
[05Aug2025 00:45:35.868] [Server thread/INFO] [voicechat/]: [voicechat] Received secret request of el_lolo (18)
[05Aug2025 00:45:35.868] [Server thread/INFO] [voicechat/]: [voicechat] Sent secret to el_lolo
[05Aug2025 00:45:37.234] [VoiceChatPacketProcessingThread/INFO] [voicechat/]: [voicechat] Successfully authenticated player 9f78b2f1-2e89-3937-a21b-34c4ec7fa8e9
[05Aug2025 00:45:38.251] [VoiceChatPacketProcessingThread/INFO] [voicechat/]: [voicechat] Successfully validated connection of player 9f78b2f1-2e89-3937-a21b-34c4ec7fa8e9
[05Aug2025 00:45:38.252] [VoiceChatPacketProcessingThread/INFO] [voicechat/]: [voicechat] Player el_lolo (9f78b2f1-2e89-3937-a21b-34c4ec7fa8e9) successfully connected to voice chat
[05Aug2025 00:46:42.977] [Server thread/INFO] [net.minecraft.server.players.PlayerList/]: Leonardodpxd[/172.27.77.103:53259] logged in with entity id 40478 at (363.30000001192093, 51.0, 658.2321314494815)
[05Aug2025 00:46:42.999] [Server thread/INFO] [ModernFix/]: Using enhanced recipe sync for player Leonardodpxd
[05Aug2025 00:46:43.000] [Server thread/INFO] [net.minecraft.server.MinecraftServer/]: Leonardodpxd joined the game
[05Aug2025 00:46:43.045] [Server thread/INFO] [Jade/]: Syncing config to Leonardodpxd (84b009f0-4628-3d1b-bd44-a7d89aae487b)
[05Aug2025 00:46:43.272] [Server thread/INFO] [voicechat/]: [voicechat] Received secret request of Leonardodpxd (18)
[05Aug2025 00:46:43.273] [Server thread/INFO] [voicechat/]: [voicechat] Sent secret to Leonardodpxd
[05Aug2025 00:46:45.124] [VoiceChatPacketProcessingThread/INFO] [voicechat/]: [voicechat] Successfully authenticated player 84b009f0-4628-3d1b-bd44-a7d89aae487b
[05Aug2025 00:46:46.130] [VoiceChatPacketProcessingThread/INFO] [voicechat/]: [voicechat] Successfully validated connection of player 84b009f0-4628-3d1b-bd44-a7d89aae487b
[05Aug2025 00:46:46.130] [VoiceChatPacketProcessingThread/INFO] [voicechat/]: [voicechat] Player Leonardodpxd (84b009f0-4628-3d1b-bd44-a7d89aae487b) successfully connected to voice chat
[05Aug2025 00:53:51.603] [Server thread/INFO] [net.minecraft.server.network.ServerGamePacketListenerImpl/]: uridk lost connection: Disconnected
[05Aug2025 00:53:51.603] [Server thread/INFO] [net.minecraft.server.MinecraftServer/]: uridk left the game
[05Aug2025 00:53:51.604] [Server thread/INFO] [voicechat/]: [voicechat] Disconnecting client uridk
[05Aug2025 00:55:20.089] [Server thread/INFO] [net.minecraft.server.MinecraftServer/]: [el_lolo: Set own game mode to Survival Mode]
[05Aug2025 00:55:31.288] [Server thread/INFO] [net.minecraft.server.MinecraftServer/]: [el_lolo: Set own game mode to Creative Mode]
[05Aug2025 00:55:32.606] [Server thread/INFO] [net.minecraft.server.network.ServerGamePacketListenerImpl/]: Leonardodpxd lost connection: Disconnected
[05Aug2025 00:55:32.607] [Server thread/INFO] [net.minecraft.server.MinecraftServer/]: Leonardodpxd left the game
[05Aug2025 00:55:32.607] [Server thread/INFO] [voicechat/]: [voicechat] Disconnecting client Leonardodpxd
[05Aug2025 01:01:14.967] [Server thread/INFO] [net.minecraft.server.players.PlayerList/]: PATITOELdios[/172.27.59.43:57910] logged in with entity id 45083 at (364.13802584243837, 48.0, 661.5163206059055)
[05Aug2025 01:01:14.985] [Server thread/INFO] [ModernFix/]: Using enhanced recipe sync for player PATITOELdios
[05Aug2025 01:01:14.987] [Server thread/INFO] [net.minecraft.server.MinecraftServer/]: PATITOELdios joined the game
[05Aug2025 01:01:15.027] [Server thread/INFO] [Jade/]: Syncing config to PATITOELdios (aec5d953-b5b1-39c1-b05b-77c9bdc47117)
[05Aug2025 01:01:16.256] [Server thread/INFO] [voicechat/]: [voicechat] Received secret request of PATITOELdios (18)
[05Aug2025 01:01:16.257] [Server thread/INFO] [voicechat/]: [voicechat] Sent secret to PATITOELdios
[05Aug2025 01:01:18.985] [VoiceChatPacketProcessingThread/INFO] [voicechat/]: [voicechat] Successfully authenticated player aec5d953-b5b1-39c1-b05b-77c9bdc47117
[05Aug2025 01:01:19.987] [VoiceChatPacketProcessingThread/INFO] [voicechat/]: [voicechat] Successfully validated connection of player aec5d953-b5b1-39c1-b05b-77c9bdc47117
[05Aug2025 01:01:19.987] [VoiceChatPacketProcessingThread/INFO] [voicechat/]: [voicechat] Player PATITOELdios (aec5d953-b5b1-39c1-b05b-77c9bdc47117) successfully connected to voice chat
[05Aug2025 01:07:35.590] [Server thread/INFO] [net.minecraft.server.MinecraftServer/]: el_lolo has made the advancement [Meet the Spy]
[05Aug2025 01:09:30.613] [Server thread/INFO] [net.minecraft.server.MinecraftServer/]: el_lolo has made the advancement [Super Container]
[05Aug2025 01:10:10.095] [Server thread/INFO] [net.minecraft.server.MinecraftServer/]: el_lolo has made the advancement [Physics Excalibur]
[05Aug2025 01:10:10.867] [Server thread/INFO] [net.minecraft.server.players.PlayerList/]: uridk[/172.27.167.115:63459] logged in with entity id 48509 at (365.69999998807907, 48.0, 654.3000000119209)
[05Aug2025 01:10:10.887] [Server thread/INFO] [ModernFix/]: Using enhanced recipe sync for player uridk
[05Aug2025 01:10:10.888] [Server thread/INFO] [net.minecraft.server.MinecraftServer/]: uridk joined the game
[05Aug2025 01:10:10.932] [Server thread/INFO] [Jade/]: Syncing config to uridk (9c274d19-9095-308a-a3d6-2f320b7f2326)
[05Aug2025 01:10:11.575] [Server thread/INFO] [voicechat/]: [voicechat] Received secret request of uridk (18)
[05Aug2025 01:10:11.576] [Server thread/INFO] [voicechat/]: [voicechat] Sent secret to uridk
[05Aug2025 01:10:13.410] [VoiceChatPacketProcessingThread/INFO] [voicechat/]: [voicechat] Successfully authenticated player 9c274d19-9095-308a-a3d6-2f320b7f2326
[05Aug2025 01:10:14.514] [VoiceChatPacketProcessingThread/INFO] [voicechat/]: [voicechat] Successfully validated connection of player 9c274d19-9095-308a-a3d6-2f320b7f2326
[05Aug2025 01:10:14.514] [VoiceChatPacketProcessingThread/INFO] [voicechat/]: [voicechat] Player uridk (9c274d19-9095-308a-a3d6-2f320b7f2326) successfully connected to voice chat
[05Aug2025 01:11:14.049] [Server thread/INFO] [net.minecraft.server.MinecraftServer/]: PATITOELdios has made the advancement [Meet the Spy]
[05Aug2025 01:12:25.327] [Server thread/WARN] [net.minecraft.server.network.ServerGamePacketListenerImpl/]: PATITOELdios moved wrongly!
[05Aug2025 01:13:13.239] [Server thread/WARN] [net.minecraft.server.network.ServerGamePacketListenerImpl/]: PATITOELdios moved wrongly!
[05Aug2025 01:19:19.440] [Server thread/INFO] [net.minecraft.server.MinecraftServer/]: [Not Secure] <PATITOELdios> zzzzz
[05Aug2025 01:19:21.116] [Server thread/INFO] [net.minecraft.server.MinecraftServer/]: [Not Secure] <PATITOELdios> zzzzzz
[05Aug2025 01:19:21.935] [Server thread/INFO] [net.minecraft.server.MinecraftServer/]: [Not Secure] <PATITOELdios> zzzz
[05Aug2025 01:19:22.663] [Server thread/INFO] [net.minecraft.server.MinecraftServer/]: [Not Secure] <PATITOELdios> zzz
[05Aug2025 01:19:22.931] [Server thread/INFO] [net.minecraft.server.MinecraftServer/]: [Not Secure] <PATITOELdios> z
[05Aug2025 01:19:23.214] [Server thread/INFO] [net.minecraft.server.MinecraftServer/]: [Not Secure] <PATITOELdios> z
[05Aug2025 01:19:23.507] [Server thread/INFO] [net.minecraft.server.MinecraftServer/]: [Not Secure] <PATITOELdios> z
[05Aug2025 01:19:23.806] [Server thread/INFO] [net.minecraft.server.MinecraftServer/]: [Not Secure] <PATITOELdios> z
[05Aug2025 01:19:24.607] [Server thread/INFO] [net.minecraft.server.MinecraftServer/]: [Not Secure] <PATITOELdios> z
[05Aug2025 01:19:48.566] [Server thread/INFO] [net.minecraft.server.players.PlayerList/]: Leonardodpxd[/172.27.77.103:55640] logged in with entity id 52146 at (364.30249520116627, 55.0, 656.4401181735352)
[05Aug2025 01:19:48.597] [Server thread/INFO] [ModernFix/]: Using enhanced recipe sync for player Leonardodpxd
[05Aug2025 01:19:48.599] [Server thread/INFO] [net.minecraft.server.MinecraftServer/]: Leonardodpxd joined the game
[05Aug2025 01:19:48.662] [Server thread/INFO] [Jade/]: Syncing config to Leonardodpxd (84b009f0-4628-3d1b-bd44-a7d89aae487b)
[05Aug2025 01:19:48.979] [Server thread/INFO] [voicechat/]: [voicechat] Received secret request of Leonardodpxd (18)
[05Aug2025 01:19:48.979] [Server thread/INFO] [voicechat/]: [voicechat] Sent secret to Leonardodpxd
[05Aug2025 01:19:50.577] [VoiceChatPacketProcessingThread/INFO] [voicechat/]: [voicechat] Successfully authenticated player 84b009f0-4628-3d1b-bd44-a7d89aae487b
[05Aug2025 01:19:51.580] [VoiceChatPacketProcessingThread/INFO] [voicechat/]: [voicechat] Successfully validated connection of player 84b009f0-4628-3d1b-bd44-a7d89aae487b
[05Aug2025 01:19:51.580] [VoiceChatPacketProcessingThread/INFO] [voicechat/]: [voicechat] Player Leonardodpxd (84b009f0-4628-3d1b-bd44-a7d89aae487b) successfully connected to voice chat
[05Aug2025 01:20:52.410] [Server thread/INFO] [net.minecraft.server.MinecraftServer/]: PATITOELdios was assassinated by Leonardodpxd
[05Aug2025 01:21:00.460] [Server thread/INFO] [net.minecraft.server.MinecraftServer/]: uridk has made the advancement [Pulsating Goober]
[05Aug2025 01:21:43.312] [Server thread/INFO] [net.minecraft.server.MinecraftServer/]: uridk has made the advancement [The whole kitchen]
[05Aug2025 01:22:07.364] [Server thread/INFO] [net.minecraft.server.MinecraftServer/]: [el_lolo: Teleported PATITOELdios to el_lolo]
[05Aug2025 01:22:58.765] [Server thread/INFO] [net.minecraft.server.MinecraftServer/]: [el_lolo: Teleported uridk to el_lolo]
[05Aug2025 01:23:33.536] [Server thread/WARN] [net.minecraft.server.network.ServerGamePacketListenerImpl/]: uridk moved wrongly!
[05Aug2025 01:23:45.360] [Server thread/INFO] [net.minecraft.server.MinecraftServer/]: uridk was obliterated by PATITOELdios
[05Aug2025 01:23:54.218] [Server thread/INFO] [net.minecraft.server.MinecraftServer/]: [el_lolo: Teleported uridk to el_lolo]
[05Aug2025 01:24:55.163] [Server thread/WARN] [net.minecraft.server.network.ServerGamePacketListenerImpl/]: PATITOELdios moved wrongly!
